c:\users\gishs\documents\github\the_un-named_game\x64\debug\vc143.pdb
c:\users\gishs\documents\github\the_un-named_game\x64\debug\vc143.idb
c:\users\gishs\documents\github\the_un-named_game\x64\debug\tile_space.obj
c:\users\gishs\documents\github\the_un-named_game\x64\debug\start.obj
c:\users\gishs\documents\github\the_un-named_game\x64\debug\items.obj
c:\users\gishs\documents\github\the_un-named_game\x64\debug\functions.obj
c:\users\gishs\documents\github\the_un-named_game\x64\debug\art.obj
c:\users\gishs\documents\github\the_un-named_game\x64\debug\the_un-named_game.obj
c:\users\gishs\documents\github\the_un-named_game\x64\debug\the_un-named_game.res
c:\users\gishs\documents\github\the_un-named_game\x64\debug\the_un-named_game.pdb
c:\users\gishs\documents\github\the_un-named_game\x64\debug\the_un-n.cca5192f.tlog\cl.command.1.tlog
c:\users\gishs\documents\github\the_un-named_game\x64\debug\the_un-n.cca5192f.tlog\cl.read.1.tlog
c:\users\gishs\documents\github\the_un-named_game\x64\debug\the_un-n.cca5192f.tlog\cl.write.1.tlog
c:\users\gishs\documents\github\the_un-named_game\x64\debug\the_un-n.cca5192f.tlog\link-cvtres.read.1.tlog
c:\users\gishs\documents\github\the_un-named_game\x64\debug\the_un-n.cca5192f.tlog\link-cvtres.write.1.tlog
c:\users\gishs\documents\github\the_un-named_game\x64\debug\the_un-n.cca5192f.tlog\link-rc.read.1.tlog
c:\users\gishs\documents\github\the_un-named_game\x64\debug\the_un-n.cca5192f.tlog\link-rc.write.1.tlog
c:\users\gishs\documents\github\the_un-named_game\x64\debug\the_un-n.cca5192f.tlog\link.command.1.tlog
c:\users\gishs\documents\github\the_un-named_game\x64\debug\the_un-n.cca5192f.tlog\link.read.1.tlog
c:\users\gishs\documents\github\the_un-named_game\x64\debug\the_un-n.cca5192f.tlog\link.read.2.tlog
c:\users\gishs\documents\github\the_un-named_game\x64\debug\the_un-n.cca5192f.tlog\link.write.1.tlog
c:\users\gishs\documents\github\the_un-named_game\x64\debug\the_un-n.cca5192f.tlog\rc.command.1.tlog
c:\users\gishs\documents\github\the_un-named_game\x64\debug\the_un-n.cca5192f.tlog\rc.read.1.tlog
c:\users\gishs\documents\github\the_un-named_game\x64\debug\the_un-n.cca5192f.tlog\rc.write.1.tlog
